<?xml version="1.0" encoding="UTF-8"?>
<testsuite xmlns:xsi="http://www.w3.org/2001/XMLSchema-instance" xsi:noNamespaceSchemaLocation="https://maven.apache.org/surefire/maven-surefire-plugin/xsd/surefire-test-report.xsd" name="com.learn.AppTest" time="0.047" tests="1" errors="0" skipped="0" failures="0">
  <properties>
    <property name="sun.desktop" value="windows"/>
    <property name="awt.toolkit" value="sun.awt.windows.WToolkit"/>
    <property name="file.encoding.pkg" value="sun.io"/>
    <property name="java.specification.version" value="1.8"/>
    <property name="sun.cpu.isalist" value="amd64"/>
    <property name="sun.jnu.encoding" value="GBK"/>
    <property name="java.class.path" value="C:\developer\RESEARCH\src\learn-java\learn-myspring\target\test-classes;C:\developer\RESEARCH\src\learn-java\learn-myspring\target\classes;C:\Users\czm\.m2\repository\junit\junit\4.11\junit-4.11.jar;C:\Users\czm\.m2\repository\org\hamcrest\hamcrest-core\1.3\hamcrest-core-1.3.jar;C:\Users\czm\.m2\repository\javax\servlet\servlet-api\2.4\servlet-api-2.4.jar;"/>
    <property name="java.vm.vendor" value="Oracle Corporation"/>
    <property name="sun.arch.data.model" value="64"/>
    <property name="user.variant" value=""/>
    <property name="java.vendor.url" value="http://java.oracle.com/"/>
    <property name="user.timezone" value="Asia/Shanghai"/>
    <property name="java.vm.specification.version" value="1.8"/>
    <property name="os.name" value="Windows 10"/>
    <property name="user.country" value="CN"/>
    <property name="sun.java.launcher" value="SUN_STANDARD"/>
    <property name="sun.boot.library.path" value="C:\developer\tools\Java\jdk1.8.0_161\jre\bin"/>
    <property name="sun.java.command" value="C:\Users\czm\AppData\Local\Temp\surefire6694879446127562975\surefirebooter1316495046716242363.jar C:\Users\czm\AppData\Local\Temp\surefire6694879446127562975 2019-03-26T21-31-29_284-jvmRun1 surefire755616673785897456tmp surefire_06441682851736136796tmp"/>
    <property name="surefire.test.class.path" value="C:\developer\RESEARCH\src\learn-java\learn-myspring\target\test-classes;C:\developer\RESEARCH\src\learn-java\learn-myspring\target\classes;C:\Users\czm\.m2\repository\junit\junit\4.11\junit-4.11.jar;C:\Users\czm\.m2\repository\org\hamcrest\hamcrest-core\1.3\hamcrest-core-1.3.jar;C:\Users\czm\.m2\repository\javax\servlet\servlet-api\2.4\servlet-api-2.4.jar;"/>
    <property name="sun.cpu.endian" value="little"/>
    <property name="user.home" value="C:\Users\czm"/>
    <property name="user.language" value="zh"/>
    <property name="java.specification.vendor" value="Oracle Corporation"/>
    <property name="java.home" value="C:\developer\tools\Java\jdk1.8.0_161\jre"/>
    <property name="basedir" value="C:\developer\RESEARCH\src\learn-java\learn-myspring"/>
    <property name="file.separator" value="\"/>
    <property name="line.separator" value="&#10;"/>
    <property name="java.vm.specification.vendor" value="Oracle Corporation"/>
    <property name="java.specification.name" value="Java Platform API Specification"/>
    <property name="java.awt.graphicsenv" value="sun.awt.Win32GraphicsEnvironment"/>
    <property name="surefire.real.class.path" value="C:\Users\czm\AppData\Local\Temp\surefire6694879446127562975\surefirebooter1316495046716242363.jar"/>
    <property name="sun.boot.class.path" value="C:\developer\tools\Java\jdk1.8.0_161\jre\lib\resources.jar;C:\developer\tools\Java\jdk1.8.0_161\jre\lib\rt.jar;C:\developer\tools\Java\jdk1.8.0_161\jre\lib\sunrsasign.jar;C:\developer\tools\Java\jdk1.8.0_161\jre\lib\jsse.jar;C:\developer\tools\Java\jdk1.8.0_161\jre\lib\jce.jar;C:\developer\tools\Java\jdk1.8.0_161\jre\lib\charsets.jar;C:\developer\tools\Java\jdk1.8.0_161\jre\lib\jfr.jar;C:\developer\tools\Java\jdk1.8.0_161\jre\classes"/>
    <property name="user.script" value=""/>
    <property name="sun.management.compiler" value="HotSpot 64-Bit Tiered Compilers"/>
    <property name="java.runtime.version" value="1.8.0_161-b12"/>
    <property name="user.name" value="czm"/>
    <property name="path.separator" value=";"/>
    <property name="os.version" value="10.0"/>
    <property name="java.endorsed.dirs" value="C:\developer\tools\Java\jdk1.8.0_161\jre\lib\endorsed"/>
    <property name="java.runtime.name" value="Java(TM) SE Runtime Environment"/>
    <property name="file.encoding" value="GBK"/>
    <property name="java.vm.name" value="Java HotSpot(TM) 64-Bit Server VM"/>
    <property name="localRepository" value="C:\Users\czm\.m2\repository"/>
    <property name="java.vendor.url.bug" value="http://bugreport.sun.com/bugreport/"/>
    <property name="java.io.tmpdir" value="C:\Users\czm\AppData\Local\Temp\"/>
    <property name="idea.version" value="2017.3.5"/>
    <property name="java.version" value="1.8.0_161"/>
    <property name="user.dir" value="C:\developer\RESEARCH\src\learn-java\learn-myspring"/>
    <property name="os.arch" value="amd64"/>
    <property name="java.vm.specification.name" value="Java Virtual Machine Specification"/>
    <property name="java.awt.printerjob" value="sun.awt.windows.WPrinterJob"/>
    <property name="sun.os.patch.level" value=""/>
    <property name="java.library.path" value="C:\developer\tools\Java\jdk1.8.0_161\jre\bin;C:\WINDOWS\Sun\Java\bin;C:\WINDOWS\system32;C:\WINDOWS;C:\Program Files (x86)\Common Files\Oracle\Java\javapath;C:\ProgramData\Oracle\Java\javapath;C:\developer\tools\product\11.2.0\dbhome_2\bin;C:\Program Files (x86)\Intel\iCLS Client\;C:\Program Files\Intel\iCLS Client\;C:\WINDOWS\system32;C:\WINDOWS;C:\WINDOWS\System32\Wbem;C:\WINDOWS\System32\WindowsPowerShell\v1.0\;C:\Program Files (x86)\Intel\Intel(R) Management Engine Components\DAL;C:\Program Files\Intel\Intel(R) Management Engine Components\DAL;C:\Program Files (x86)\Intel\Intel(R) Management Engine Components\IPT;C:\Program Files\Intel\Intel(R) Management Engine Components\IPT;C:\developer\tools\TortoiseSVN\bin;C:\WINDOWS\System32\OpenSSH\;C:\developer\tools\IntelliJ IDEA 2017.3.1\myplugins\apache-maven-3.5.4\bin;C:\Program Files\Git\cmd;C:\Users\czm\AppData\Local\Microsoft\WindowsApps;;C:\developer\tools\Java\jdk1.7.0_51\bin;C:\developer\tools\Java\jdk1.7.0_51\jre\bin;."/>
    <property name="java.vm.info" value="mixed mode"/>
    <property name="java.vendor" value="Oracle Corporation"/>
    <property name="java.vm.version" value="25.161-b12"/>
    <property name="java.ext.dirs" value="C:\developer\tools\Java\jdk1.8.0_161\jre\lib\ext;C:\WINDOWS\Sun\Java\lib\ext"/>
    <property name="sun.io.unicode.encoding" value="UnicodeLittle"/>
    <property name="java.class.version" value="52.0"/>
  </properties>
  <testcase name="shouldAnswerWithTrue" classname="com.learn.AppTest" time="0.002"/>
</testsuite>